[debug] [2025-04-28T20:20:52.082Z] ----------------------------------------------------------------------
[debug] [2025-04-28T20:20:52.088Z] Command:       C:\Program Files\nodejs\node.exe C:\Users\ASUS\AppData\Roaming\npm\node_modules\firebase-tools\lib\bin\firebase.js auth:import C:\xampp\tmp\php7DAB.tmp --project=test-762gsh --hash-algo=SCRYPT --rounds=8 --mem-cost=14 --hash-key=YcIQUaHlZbBdcb08BeO3WzTu47WO/sOJFDZwNfv6tqGG1NCH3IDw6irsWm1QpCHTNvVG/NbXy4HakBAmy8vbnQ== --salt-separator=Bw==
[debug] [2025-04-28T20:20:52.089Z] CLI Version:   14.2.1
[debug] [2025-04-28T20:20:52.089Z] Platform:      win32
[debug] [2025-04-28T20:20:52.089Z] Node Version:  v22.13.1
[debug] [2025-04-28T20:20:52.089Z] Time:          Mon Apr 28 2025 21:20:52 GMT+0100 (GMT+01:00)
[debug] [2025-04-28T20:20:52.089Z] ----------------------------------------------------------------------
[debug] 
[debug] [2025-04-28T20:20:52.101Z] > command requires scopes: ["email","openid","https://www.googleapis.com/auth/cloudplatformprojects.readonly","https://www.googleapis.com/auth/firebase","https://www.googleapis.com/auth/cloud-platform"]
[debug] [2025-04-28T20:20:52.102Z] > authorizing via signed-in user (ibrahim.b@intelligentb2b.com)
[debug] [2025-04-28T20:20:52.102Z] [iam] checking project test-762gsh for permissions ["firebase.projects.get","firebaseauth.users.create","firebaseauth.users.update"]
[debug] [2025-04-28T20:20:52.104Z] Checked if tokens are valid: true, expires at: 1745874274681
[debug] [2025-04-28T20:20:52.105Z] Checked if tokens are valid: true, expires at: 1745874274681
[debug] [2025-04-28T20:20:52.107Z] >>> [apiv2][query] POST https://cloudresourcemanager.googleapis.com/v1/projects/test-762gsh:testIamPermissions [none]
[debug] [2025-04-28T20:20:52.107Z] >>> [apiv2][(partial)header] POST https://cloudresourcemanager.googleapis.com/v1/projects/test-762gsh:testIamPermissions x-goog-quota-user=projects/test-762gsh
[debug] [2025-04-28T20:20:52.107Z] >>> [apiv2][body] POST https://cloudresourcemanager.googleapis.com/v1/projects/test-762gsh:testIamPermissions {"permissions":["firebase.projects.get","firebaseauth.users.create","firebaseauth.users.update"]}
[debug] [2025-04-28T20:20:53.130Z] <<< [apiv2][status] POST https://cloudresourcemanager.googleapis.com/v1/projects/test-762gsh:testIamPermissions 200
[debug] [2025-04-28T20:20:53.130Z] <<< [apiv2][body] POST https://cloudresourcemanager.googleapis.com/v1/projects/test-762gsh:testIamPermissions {"permissions":["firebase.projects.get","firebaseauth.users.create","firebaseauth.users.update"]}
[debug] [2025-04-28T20:20:58.152Z] Error: Timed out.
    at Timeout._onTimeout (C:\Users\ASUS\AppData\Roaming\npm\node_modules\firebase-tools\lib\utils.js:269:49)
    at listOnTimeout (node:internal/timers:594:17)
    at process.processTimers (node:internal/timers:529:7)
[error] 
[error] Error: An unexpected error has occurred.
[debug] [2025-04-28T20:26:01.618Z] ----------------------------------------------------------------------
[debug] [2025-04-28T20:26:01.622Z] Command:       C:\Program Files\nodejs\node.exe C:\Users\ASUS\AppData\Roaming\npm\node_modules\firebase-tools\lib\bin\firebase.js auth:import C:\Users\ASUS\Desktop\AccountsManagement\storage\app/temp-imports/SkeSmoVhKkH8QtMHZUmvzfU4ZKuJ9emZLGpa7tUb.csv --project=test-762gsh --hash-algo=SCRYPT --rounds=8 --mem-cost=14 --hash-key=YcIQUaHlZbBdcb08BeO3WzTu47WO/sOJFDZwNfv6tqGG1NCH3IDw6irsWm1QpCHTNvVG/NbXy4HakBAmy8vbnQ== --salt-separator=Bw==
[debug] [2025-04-28T20:26:01.623Z] CLI Version:   14.2.1
[debug] [2025-04-28T20:26:01.623Z] Platform:      win32
[debug] [2025-04-28T20:26:01.623Z] Node Version:  v22.13.1
[debug] [2025-04-28T20:26:01.623Z] Time:          Mon Apr 28 2025 21:26:01 GMT+0100 (GMT+01:00)
[debug] [2025-04-28T20:26:01.623Z] ----------------------------------------------------------------------
[debug] 
[debug] [2025-04-28T20:26:01.635Z] > command requires scopes: ["email","openid","https://www.googleapis.com/auth/cloudplatformprojects.readonly","https://www.googleapis.com/auth/firebase","https://www.googleapis.com/auth/cloud-platform"]
[debug] [2025-04-28T20:26:01.636Z] > authorizing via signed-in user (ibrahim.b@intelligentb2b.com)
[debug] [2025-04-28T20:26:01.636Z] [iam] checking project test-762gsh for permissions ["firebase.projects.get","firebaseauth.users.create","firebaseauth.users.update"]
[debug] [2025-04-28T20:26:01.638Z] Checked if tokens are valid: true, expires at: 1745874274681
[debug] [2025-04-28T20:26:01.638Z] Checked if tokens are valid: true, expires at: 1745874274681
[debug] [2025-04-28T20:26:01.639Z] >>> [apiv2][query] POST https://cloudresourcemanager.googleapis.com/v1/projects/test-762gsh:testIamPermissions [none]
[debug] [2025-04-28T20:26:01.639Z] >>> [apiv2][(partial)header] POST https://cloudresourcemanager.googleapis.com/v1/projects/test-762gsh:testIamPermissions x-goog-quota-user=projects/test-762gsh
[debug] [2025-04-28T20:26:01.640Z] >>> [apiv2][body] POST https://cloudresourcemanager.googleapis.com/v1/projects/test-762gsh:testIamPermissions {"permissions":["firebase.projects.get","firebaseauth.users.create","firebaseauth.users.update"]}
[debug] [2025-04-28T20:26:02.622Z] <<< [apiv2][status] POST https://cloudresourcemanager.googleapis.com/v1/projects/test-762gsh:testIamPermissions 200
[debug] [2025-04-28T20:26:02.623Z] <<< [apiv2][body] POST https://cloudresourcemanager.googleapis.com/v1/projects/test-762gsh:testIamPermissions {"permissions":["firebase.projects.get","firebaseauth.users.create","firebaseauth.users.update"]}
[debug] [2025-04-28T20:26:02.980Z] Error: ENOENT: no such file or directory, stat 'C:\Users\ASUS\Desktop\AccountsManagement\storage\app\temp-imports\SkeSmoVhKkH8QtMHZUmvzfU4ZKuJ9emZLGpa7tUb.csv'
[error] 
[error] Error: An unexpected error has occurred.
[debug] [2025-04-28T20:27:31.578Z] ----------------------------------------------------------------------
[debug] [2025-04-28T20:27:31.588Z] Command:       C:\Program Files\nodejs\node.exe C:\Users\ASUS\AppData\Roaming\npm\node_modules\firebase-tools\lib\bin\firebase.js auth:import C:\Users\ASUS\Desktop\AccountsManagement\storage\app/temp-imports/g0kVknKDwn1TqgZC48bDxpcJjjVOdjXGayfELbfl.csv --project=test-762gsh --hash-algo=SCRYPT --rounds=8 --mem-cost=14 --hash-key=YcIQUaHlZbBdcb08BeO3WzTu47WO/sOJFDZwNfv6tqGG1NCH3IDw6irsWm1QpCHTNvVG/NbXy4HakBAmy8vbnQ== --salt-separator=Bw==
[debug] [2025-04-28T20:27:31.589Z] CLI Version:   14.2.1
[debug] [2025-04-28T20:27:31.590Z] Platform:      win32
[debug] [2025-04-28T20:27:31.590Z] Node Version:  v22.13.1
[debug] [2025-04-28T20:27:31.591Z] Time:          Mon Apr 28 2025 21:27:31 GMT+0100 (GMT+01:00)
[debug] [2025-04-28T20:27:31.591Z] ----------------------------------------------------------------------
[debug] 
[debug] [2025-04-28T20:27:31.614Z] > command requires scopes: ["email","openid","https://www.googleapis.com/auth/cloudplatformprojects.readonly","https://www.googleapis.com/auth/firebase","https://www.googleapis.com/auth/cloud-platform"]
[debug] [2025-04-28T20:27:31.615Z] > authorizing via signed-in user (ibrahim.b@intelligentb2b.com)
[debug] [2025-04-28T20:27:31.615Z] [iam] checking project test-762gsh for permissions ["firebase.projects.get","firebaseauth.users.create","firebaseauth.users.update"]
[debug] [2025-04-28T20:27:31.621Z] Checked if tokens are valid: true, expires at: 1745874274681
[debug] [2025-04-28T20:27:31.621Z] Checked if tokens are valid: true, expires at: 1745874274681
[debug] [2025-04-28T20:27:31.624Z] >>> [apiv2][query] POST https://cloudresourcemanager.googleapis.com/v1/projects/test-762gsh:testIamPermissions [none]
[debug] [2025-04-28T20:27:31.625Z] >>> [apiv2][(partial)header] POST https://cloudresourcemanager.googleapis.com/v1/projects/test-762gsh:testIamPermissions x-goog-quota-user=projects/test-762gsh
[debug] [2025-04-28T20:27:31.625Z] >>> [apiv2][body] POST https://cloudresourcemanager.googleapis.com/v1/projects/test-762gsh:testIamPermissions {"permissions":["firebase.projects.get","firebaseauth.users.create","firebaseauth.users.update"]}
[debug] [2025-04-28T20:27:32.697Z] <<< [apiv2][status] POST https://cloudresourcemanager.googleapis.com/v1/projects/test-762gsh:testIamPermissions 200
[debug] [2025-04-28T20:27:32.698Z] <<< [apiv2][body] POST https://cloudresourcemanager.googleapis.com/v1/projects/test-762gsh:testIamPermissions {"permissions":["firebase.projects.get","firebaseauth.users.create","firebaseauth.users.update"]}
[debug] [2025-04-28T20:27:32.984Z] Error: ENOENT: no such file or directory, stat 'C:\Users\ASUS\Desktop\AccountsManagement\storage\app\temp-imports\g0kVknKDwn1TqgZC48bDxpcJjjVOdjXGayfELbfl.csv'
[error] 
[error] Error: An unexpected error has occurred.
